c:\home\project\project\build_x64\debug\base64.obj
c:\home\project\project\build_x64\debug\ientity.obj
c:\home\project\project\build_x64\debug\ireflectionserializable.obj
c:\home\project\project\build_x64\debug\main.obj
c:\home\project\project\build_x64\debug\smapelement.obj
c:\home\project\project\build_x64\debug\smappoint.obj
c:\home\project\project\build_x64\debug\t3dboolpoint.obj
c:\home\project\project\build_x64\debug\t3dipoint.obj
c:\home\project\project\build_x64\debug\t3dpoint.obj
c:\home\project\project\build_x64\debug\tbuff.obj
c:\home\project\project\build_x64\debug\tbuffprototype.obj
c:\home\project\project\build_x64\debug\tbuildings.obj
c:\home\project\project\build_x64\debug\tbuildingsprototype.obj
c:\home\project\project\build_x64\debug\tdateinterval.obj
c:\home\project\project\build_x64\debug\tdatetime.obj
c:\home\project\project\build_x64\debug\tdebug.obj
c:\home\project\project\build_x64\debug\tdirectorydata.obj
c:\home\project\project\build_x64\debug\tdpoint.obj
c:\home\project\project\build_x64\debug\tdt.obj
c:\home\project\project\build_x64\debug\tfile.obj
c:\home\project\project\build_x64\debug\tfixpoint.obj
c:\home\project\project\build_x64\debug\tforestchimeras.obj
c:\home\project\project\build_x64\debug\thttprequest.obj
c:\home\project\project\build_x64\debug\tlightstaticrandom.obj
c:\home\project\project\build_x64\debug\tlowercasedstring.obj
c:\home\project\project\build_x64\debug\tmap.obj
c:\home\project\project\build_x64\debug\tmapcontainerwrapper.obj
c:\home\project\project\build_x64\debug\tmapprototype.obj
c:\home\project\project\build_x64\debug\tmilitary.obj
c:\home\project\project\build_x64\debug\tmiscutils.obj
c:\home\project\project\build_x64\debug\tmodel.obj
c:\home\project\project\build_x64\debug\tneitral.obj
c:\home\project\project\build_x64\debug\tobject.obj
c:\home\project\project\build_x64\debug\tparseformat.obj
c:\home\project\project\build_x64\debug\tplayer.obj
c:\home\project\project\build_x64\debug\tplayerprototype.obj
c:\home\project\project\build_x64\debug\tpoint.obj
c:\home\project\project\build_x64\debug\trect.obj
c:\home\project\project\build_x64\debug\treflectionclassfunctiondata.obj
c:\home\project\project\build_x64\debug\treflectionclasspropertydata.obj
c:\home\project\project\build_x64\debug\treflectioncommontypeident.obj
c:\home\project\project\build_x64\debug\treflectioncontainermanipulator.obj
c:\home\project\project\build_x64\debug\treflectionglobals.obj
c:\home\project\project\build_x64\debug\treflectionobject.obj
c:\home\project\project\build_x64\debug\treflectionobjectcasts.obj
c:\home\project\project\build_x64\debug\treflectionstringconverter.obj
c:\home\project\project\build_x64\debug\treflectiontwostepxmldeserializer.obj
c:\home\project\project\build_x64\debug\treflectiontwostepxmlserializer.obj
c:\home\project\project\build_x64\debug\treflectiontypefactory.obj
c:\home\project\project\build_x64\debug\tsize.obj
c:\home\project\project\build_x64\debug\tstartentitycreator.obj
c:\home\project\project\build_x64\debug\tstaticrandom.obj
c:\home\project\project\build_x64\debug\tstringutils.obj
c:\home\project\project\build_x64\debug\ttcpclientsocket.obj
c:\home\project\project\build_x64\debug\ttestbuff.obj
c:\home\project\project\build_x64\debug\ttestbuilding.obj
c:\home\project\project\build_x64\debug\ttestforestchimeras.obj
c:\home\project\project\build_x64\debug\ttestmap.obj
c:\home\project\project\build_x64\debug\ttestmovement.obj
c:\home\project\project\build_x64\debug\ttestowner.obj
c:\home\project\project\build_x64\debug\tunit.obj
c:\home\project\project\build_x64\debug\tunitprototype.obj
c:\home\project\project\build_x64\debug\tvfsroot.obj
c:\home\project\project\build_x64\debug\tworld.obj
c:\home\project\project\build_x64\debug\tworldprototype.obj
c:\home\project\project\build_x64\debug\txmloader.obj
c:\home\project\project\build_x64\debug\txmnode.obj
c:\home\project\project\build_x64\debug\txtest.obj
c:\home\project\project\build_x64\debug\vc143.idb
c:\home\project\project\build_x64\debug\vc143.pdb
c:\home\project\project\build_x64\debug\project.tlog\cl.command.1.tlog
