  TStaticRandom.cpp
  TAlgorithms.cpp
  TLightStaticRandom.cpp
  TPathFinder.cpp
  TTestAttack.cpp
C:\Home\Project\Project\Autotests\TTestAttack.cpp(57,24): warning C4244: 'return': conversion from 'float' to 'int', possible loss of data
  TTestBuff.cpp
  TTestBuilding.cpp
  TTestCreateUnitFromBuilding.cpp
  TTestForestChimeras.cpp
  TTestMap.cpp
  TTestMovement.cpp
  TTestOwner.cpp
  TTestSpawnBuilding.cpp
  IEntity.cpp
  TBuildings.cpp
  TForestChimeras.cpp
  TMilitary.cpp
  TNeitral.cpp
  TUnit.cpp
  SMapElement.cpp
  Generating Code...
C:\Home\Project\Project\Algorithm\TAlgorithms.cpp(19): warning C4717: 'TAlgorithms::EuclideanDistance<SMapPoint>': recursive on all control paths, function will cause runtime stack overflow
  Compiling...
  SMapPoint.cpp
  TMap.cpp
  TBuffPrototype.cpp
  TBuildUnitCreatorPrototype.cpp
  TBuildingsPrototype.cpp
  TMapPrototype.cpp
  TPlayerPrototype.cpp
  TUnitPrototype.cpp
  TWorldPrototype.cpp
  TBuff.cpp
  TObject.cpp
  TPlayer.cpp
  TStartEntityCreator.cpp
  TWorld.cpp
  Generating Code...
  Project.vcxproj -> C:\Home\Project\Project\Output_x64\Debug\Project.exe
