  BuildAutoTest.cpp
C:\Home\Project\Project\TObject.h(4,10): fatal  error C1083: Cannot open include file: 'CRX/Reflection/TReflectionObject.h': No such file or directory
  IEntity.cpp
C:\Home\Project\Project\TObject.h(4,10): fatal  error C1083: Cannot open include file: 'CRX/Reflection/TReflectionObject.h': No such file or directory
  main.cpp
  NTmagic.cpp
  TBuildings.cpp
C:\Home\Project\Project\TObject.h(4,10): fatal  error C1083: Cannot open include file: 'CRX/Reflection/TReflectionObject.h': No such file or directory
  TBuildingsPrototype.cpp
C:\Home\Project\Project\TObject.h(4,10): fatal  error C1083: Cannot open include file: 'CRX/Reflection/TReflectionObject.h': No such file or directory
  TDebug.cpp
  TMagic.cpp
C:\Home\Project\Project\TObject.h(4,10): fatal  error C1083: Cannot open include file: 'CRX/Reflection/TReflectionObject.h': No such file or directory
  TMap.cpp
C:\Home\Project\Project\TObject.h(4,10): fatal  error C1083: Cannot open include file: 'CRX/Reflection/TReflectionObject.h': No such file or directory
  TMilitary.cpp
C:\Home\Project\Project\TObject.h(4,10): fatal  error C1083: Cannot open include file: 'CRX/Reflection/TReflectionObject.h': No such file or directory
  TMilitaryPrototype.cpp
C:\Home\Project\Project\TObject.h(4,10): fatal  error C1083: Cannot open include file: 'CRX/Reflection/TReflectionObject.h': No such file or directory
  TModel.cpp
C:\Home\Project\Project\TObject.h(4,10): fatal  error C1083: Cannot open include file: 'CRX/Reflection/TReflectionObject.h': No such file or directory
  TNeitral.cpp
C:\Home\Project\Project\TObject.h(4,10): fatal  error C1083: Cannot open include file: 'CRX/Reflection/TReflectionObject.h': No such file or directory
  TObject.cpp
C:\Home\Project\Project\TObject.cpp(1,10): fatal  error C1083: Cannot open include file: 'CRX/Reflection/TReflectionImplDefs.h': No such file or directory
  TPlayer.cpp
C:\Home\Project\Project\TObject.h(4,10): fatal  error C1083: Cannot open include file: 'CRX/Reflection/TReflectionObject.h': No such file or directory
  TStartEntityCreator.cpp
C:\Home\Project\Project\TObject.h(4,10): fatal  error C1083: Cannot open include file: 'CRX/Reflection/TReflectionObject.h': No such file or directory
  TTestBuff.cpp
C:\Home\Project\Project\TObject.h(4,10): fatal  error C1083: Cannot open include file: 'CRX/Reflection/TReflectionObject.h': No such file or directory
  TTestMap.cpp
C:\Home\Project\Project\TObject.h(4,10): fatal  error C1083: Cannot open include file: 'CRX/Reflection/TReflectionObject.h': No such file or directory
  TUnit.cpp
C:\Home\Project\Project\TObject.h(4,10): fatal  error C1083: Cannot open include file: 'CRX/Reflection/TReflectionObject.h': No such file or directory
  TWorld.cpp
C:\Home\Project\Project\TObject.h(4,10): fatal  error C1083: Cannot open include file: 'CRX/Reflection/TReflectionObject.h': No such file or directory
  Generating Code...
  Compiling...
  TXTest.cpp
  Generating Code...
